[19:33:52] [ServerMain/INFO]: Building unoptimized datafixer
[19:33:53] [ServerMain/INFO]: Environment: authHost='https://authserver.mojang.com', accountsHost='https://api.mojang.com', sessionHost='https://sessionserver.mojang.com', servicesHost='https://api.minecraftservices.com', name='PROD'
[19:33:54] [ServerMain/INFO]: Loaded 7 recipes
[19:33:54] [ServerMain/INFO]: Loaded 1179 advancements
[19:33:55] [Server thread/INFO]: Starting minecraft server version 1.19.2
[19:33:55] [Server thread/INFO]: Loading properties
[19:33:55] [Server thread/INFO]: Default game type: SURVIVAL
[19:33:55] [Server thread/INFO]: Generating keypair
[19:33:55] [Server console handler/ERROR]: Exception handling console input
java.io.IOException: The handle is invalid
	at java.io.FileInputStream.readBytes(Native Method) ~[?:?]
	at java.io.FileInputStream.read(FileInputStream.java:276) ~[?:?]
	at java.io.BufferedInputStream.read1(BufferedInputStream.java:282) ~[?:?]
	at java.io.BufferedInputStream.read(BufferedInputStream.java:343) ~[?:?]
	at sun.nio.cs.StreamDecoder.readBytes(StreamDecoder.java:270) ~[?:?]
	at sun.nio.cs.StreamDecoder.implRead(StreamDecoder.java:313) ~[?:?]
	at sun.nio.cs.StreamDecoder.read(StreamDecoder.java:188) ~[?:?]
	at java.io.InputStreamReader.read(InputStreamReader.java:176) ~[?:?]
	at java.io.BufferedReader.fill(BufferedReader.java:162) ~[?:?]
	at java.io.BufferedReader.readLine(BufferedReader.java:329) ~[?:?]
	at java.io.BufferedReader.readLine(BufferedReader.java:396) ~[?:?]
	at afh$1.run(SourceFile:92) [server-1.19.2.jar:?]
[19:33:55] [Server thread/INFO]: Starting Minecraft server on *:25565
[19:33:55] [Server thread/INFO]: Using default channel type
[19:33:55] [Server thread/WARN]: **** SERVER IS RUNNING IN OFFLINE/INSECURE MODE!
[19:33:55] [Server thread/WARN]: The server will make no attempt to authenticate usernames. Beware.
[19:33:55] [Server thread/WARN]: While this makes the game possible to play without internet access, it also opens up the ability for hackers to connect with any username they choose.
[19:33:55] [Server thread/WARN]: To change this, set "online-mode" to "true" in the server.properties file.
[19:33:55] [Server thread/INFO]: Preparing level "world"
[19:33:55] [Server thread/INFO]: Preparing start region for dimension minecraft:overworld
[19:33:57] [Worker-Main-11/INFO]: Preparing spawn area: 0%
[19:33:57] [Worker-Main-11/INFO]: Preparing spawn area: 0%
[19:33:57] [Worker-Main-4/INFO]: Preparing spawn area: 0%
[19:33:57] [Worker-Main-4/INFO]: Preparing spawn area: 0%
[19:33:57] [Worker-Main-15/INFO]: Preparing spawn area: 0%
[19:33:58] [Worker-Main-10/INFO]: Preparing spawn area: 0%
[19:33:58] [Worker-Main-2/INFO]: Preparing spawn area: 62%
[19:33:58] [Server thread/INFO]: Time elapsed: 3146 ms
[19:33:58] [Server thread/INFO]: Done (3.260s)! For help, type "help"
[19:36:38] [Server thread/INFO]: Acnologia2317[/127.0.0.1:53344] logged in with entity id 26 at (679.8968633463921, 78.0, -134.55718221523836)
[19:36:38] [Server thread/INFO]: Acnologia2317 joined the game
[19:37:39] [Server thread/INFO]: Named entity bsj['zombie'/34, l='ServerLevel[world]', x=676.31, y=71.84, z=-134.90] died: zombie tried to swim in lava to escape Iron Golem
[19:41:19] [Server thread/INFO]: werain[/[0:0:0:0:0:0:0:1]:53363] logged in with entity id 1002 at (667.2271943187479, 77.0, -132.60311020704356)
[19:41:19] [Server thread/INFO]: werain joined the game
[19:41:50] [Server thread/INFO]: [Not Secure] <werain> can we talk on call/
[19:42:02] [Server thread/INFO]: [Not Secure] <Acnologia2317> just a sec
[19:42:08] [Server thread/INFO]: [Not Secure] <werain> tyep
[20:00:33] [Server thread/INFO]: Acnologia2317 lost connection: Disconnected
[20:00:33] [Server thread/INFO]: Acnologia2317 left the game
[20:00:38] [Server thread/INFO]: Stopping server
[20:00:38] [Server thread/INFO]: Saving players
[20:00:38] [Server thread/INFO]: Saving worlds
[20:00:39] [Server thread/INFO]: Saving chunks for level 'ServerLevel[world]'/minecraft:overworld
[20:00:40] [Server thread/INFO]: Saving chunks for level 'ServerLevel[world]'/minecraft:the_end
[20:00:40] [Server thread/INFO]: Saving chunks for level 'ServerLevel[world]'/minecraft:the_nether
[20:00:40] [Server thread/INFO]: ThreadedAnvilChunkStorage (world): All chunks are saved
[20:00:40] [Server thread/INFO]: ThreadedAnvilChunkStorage (DIM1): All chunks are saved
[20:00:40] [Server thread/INFO]: ThreadedAnvilChunkStorage (DIM-1): All chunks are saved
[20:00:40] [Server thread/INFO]: ThreadedAnvilChunkStorage: All dimensions are saved
